<?xml version="1.0" encoding="UTF-8"?>
<testsuite name="bioteck.apartment.model.OccupancyBookTest" tests="4" skipped="0" failures="0" errors="0" timestamp="2018-12-20T14:49:04" hostname="jpetani-VirtualBox" time="2.82">
  <properties/>
  <testcase name="addRenterTest()" classname="bioteck.apartment.model.OccupancyBookTest" time="1.074"/>
  <testcase name="removeRenterTest()" classname="bioteck.apartment.model.OccupancyBookTest" time="0.52"/>
  <testcase name="calculateRentStatementTest()" classname="bioteck.apartment.model.OccupancyBookTest" time="0.732"/>
  <testcase name="calculateMonthlyRevenueTest()" classname="bioteck.apartment.model.OccupancyBookTest" time="0.49"/>
  <system-out><![CDATA[Hibernate: select max(id) from Candidate
Hibernate: select max(id) from ApartmentComplex
Hibernate: select max(id) from Apartment
Hibernate: insert into Candidate (Address, FirstName, LastName, PhoneNumber, Income, SSID, id) values (?, ?, ?, ?, ?, ?, ?)
Hibernate: insert into Candidate (Address, FirstName, LastName, PhoneNumber, Income, SSID, id) values (?, ?, ?, ?, ?, ?, ?)
Hibernate: insert into Candidate (Address, FirstName, LastName, PhoneNumber, Income, SSID, id) values (?, ?, ?, ?, ?, ?, ?)
Hibernate: insert into Candidate (Address, FirstName, LastName, PhoneNumber, Income, SSID, id) values (?, ?, ?, ?, ?, ?, ?)
Hibernate: insert into ApartmentComplex (Address, Description, MonthlyCost, Name, PropertyPortfolioId, id) values (?, ?, ?, ?, ?, ?)
Hibernate: insert into Apartment (ApartmentComplexId, Description, Number, MonthlyRent, id) values (?, ?, ?, ?, ?)
Hibernate: insert into Apartment (ApartmentComplexId, Description, Number, MonthlyRent, id) values (?, ?, ?, ?, ?)
Hibernate: insert into ApartmentComplex (Address, Description, MonthlyCost, Name, PropertyPortfolioId, id) values (?, ?, ?, ?, ?, ?)
Hibernate: insert into Apartment (ApartmentComplexId, Description, Number, MonthlyRent, id) values (?, ?, ?, ?, ?)
Hibernate: select candidate0_.id as id1_2_, candidate0_.Address as Address2_2_, candidate0_.FirstName as FirstNam3_2_, candidate0_.LastName as LastName4_2_, candidate0_.PhoneNumber as PhoneNum5_2_, candidate0_.Income as Income6_2_, candidate0_.SSID as SSID7_2_ from Candidate candidate0_ where candidate0_.SSID=?
Hibernate: select apartment0_.id as id1_0_, apartment0_.ApartmentComplexId as Apartmen5_0_, apartment0_.Description as Descript2_0_, apartment0_.Number as Number3_0_, apartment0_.MonthlyRent as MonthlyR4_0_ from Apartment apartment0_ cross join ApartmentComplex apartmentc1_ where apartment0_.ApartmentComplexId=apartmentc1_.id and apartmentc1_.Name=? and apartment0_.Number=?
Hibernate: select apartmentc0_.id as id1_1_0_, apartmentc0_.Address as Address2_1_0_, apartmentc0_.Description as Descript3_1_0_, apartmentc0_.MonthlyCost as MonthlyC4_1_0_, apartmentc0_.Name as Name5_1_0_, apartmentc0_.PropertyPortfolioId as Property6_1_0_, propertypo1_.id as id1_5_1_, propertypo1_.Name as Name2_5_1_, propertypo1_.PropertyOwnerId as Property3_5_1_, propertyow2_.id as id1_4_2_, propertyow2_.Address as Address2_4_2_, propertyow2_.Name as Name3_4_2_, propertyow2_.TaxID as TaxID4_4_2_ from ApartmentComplex apartmentc0_ left outer join PropertyPortfolio propertypo1_ on apartmentc0_.PropertyPortfolioId=propertypo1_.id left outer join PropertyOwner propertyow2_ on propertypo1_.PropertyOwnerId=propertyow2_.id where apartmentc0_.id=?
Hibernate: select next_val as id_val from hibernate_sequence for update
Hibernate: update hibernate_sequence set next_val= ? where next_val=?
Hibernate: insert into Candidate2Apartment (ApartmentId, CandidateId, Id) values (?, ?, ?)
Hibernate: select candidate0_.id as id1_2_, candidate0_.Address as Address2_2_, candidate0_.FirstName as FirstNam3_2_, candidate0_.LastName as LastName4_2_, candidate0_.PhoneNumber as PhoneNum5_2_, candidate0_.Income as Income6_2_, candidate0_.SSID as SSID7_2_ from Candidate candidate0_ where candidate0_.SSID=?
Hibernate: select apartment0_.id as id1_0_, apartment0_.ApartmentComplexId as Apartmen5_0_, apartment0_.Description as Descript2_0_, apartment0_.Number as Number3_0_, apartment0_.MonthlyRent as MonthlyR4_0_ from Apartment apartment0_ cross join ApartmentComplex apartmentc1_ where apartment0_.ApartmentComplexId=apartmentc1_.id and apartmentc1_.Name=? and apartment0_.Number=?
Hibernate: select apartmentc0_.id as id1_1_0_, apartmentc0_.Address as Address2_1_0_, apartmentc0_.Description as Descript3_1_0_, apartmentc0_.MonthlyCost as MonthlyC4_1_0_, apartmentc0_.Name as Name5_1_0_, apartmentc0_.PropertyPortfolioId as Property6_1_0_, propertypo1_.id as id1_5_1_, propertypo1_.Name as Name2_5_1_, propertypo1_.PropertyOwnerId as Property3_5_1_, propertyow2_.id as id1_4_2_, propertyow2_.Address as Address2_4_2_, propertyow2_.Name as Name3_4_2_, propertyow2_.TaxID as TaxID4_4_2_ from ApartmentComplex apartmentc0_ left outer join PropertyPortfolio propertypo1_ on apartmentc0_.PropertyPortfolioId=propertypo1_.id left outer join PropertyOwner propertyow2_ on propertypo1_.PropertyOwnerId=propertyow2_.id where apartmentc0_.id=?
Hibernate: select next_val as id_val from hibernate_sequence for update
Hibernate: update hibernate_sequence set next_val= ? where next_val=?
Hibernate: insert into Candidate2Apartment (ApartmentId, CandidateId, Id) values (?, ?, ?)
Hibernate: select candidate0_.id as id1_2_, candidate0_.Address as Address2_2_, candidate0_.FirstName as FirstNam3_2_, candidate0_.LastName as LastName4_2_, candidate0_.PhoneNumber as PhoneNum5_2_, candidate0_.Income as Income6_2_, candidate0_.SSID as SSID7_2_ from Candidate candidate0_ where candidate0_.SSID=?
Hibernate: select apartment0_.id as id1_0_, apartment0_.ApartmentComplexId as Apartmen5_0_, apartment0_.Description as Descript2_0_, apartment0_.Number as Number3_0_, apartment0_.MonthlyRent as MonthlyR4_0_ from Apartment apartment0_ cross join ApartmentComplex apartmentc1_ where apartment0_.ApartmentComplexId=apartmentc1_.id and apartmentc1_.Name=? and apartment0_.Number=?
Hibernate: select apartmentc0_.id as id1_1_0_, apartmentc0_.Address as Address2_1_0_, apartmentc0_.Description as Descript3_1_0_, apartmentc0_.MonthlyCost as MonthlyC4_1_0_, apartmentc0_.Name as Name5_1_0_, apartmentc0_.PropertyPortfolioId as Property6_1_0_, propertypo1_.id as id1_5_1_, propertypo1_.Name as Name2_5_1_, propertypo1_.PropertyOwnerId as Property3_5_1_, propertyow2_.id as id1_4_2_, propertyow2_.Address as Address2_4_2_, propertyow2_.Name as Name3_4_2_, propertyow2_.TaxID as TaxID4_4_2_ from ApartmentComplex apartmentc0_ left outer join PropertyPortfolio propertypo1_ on apartmentc0_.PropertyPortfolioId=propertypo1_.id left outer join PropertyOwner propertyow2_ on propertypo1_.PropertyOwnerId=propertyow2_.id where apartmentc0_.id=?
Hibernate: select next_val as id_val from hibernate_sequence for update
Hibernate: update hibernate_sequence set next_val= ? where next_val=?
Hibernate: insert into Candidate2Apartment (ApartmentId, CandidateId, Id) values (?, ?, ?)
Hibernate: select candidate0_.id as id1_2_, candidate0_.Address as Address2_2_, candidate0_.FirstName as FirstNam3_2_, candidate0_.LastName as LastName4_2_, candidate0_.PhoneNumber as PhoneNum5_2_, candidate0_.Income as Income6_2_, candidate0_.SSID as SSID7_2_ from Candidate candidate0_ where candidate0_.SSID=?
Hibernate: select apartment0_.id as id1_0_, apartment0_.ApartmentComplexId as Apartmen5_0_, apartment0_.Description as Descript2_0_, apartment0_.Number as Number3_0_, apartment0_.MonthlyRent as MonthlyR4_0_ from Apartment apartment0_ cross join ApartmentComplex apartmentc1_ where apartment0_.ApartmentComplexId=apartmentc1_.id and apartmentc1_.Name=? and apartment0_.Number=?
Hibernate: select apartmentc0_.id as id1_1_0_, apartmentc0_.Address as Address2_1_0_, apartmentc0_.Description as Descript3_1_0_, apartmentc0_.MonthlyCost as MonthlyC4_1_0_, apartmentc0_.Name as Name5_1_0_, apartmentc0_.PropertyPortfolioId as Property6_1_0_, propertypo1_.id as id1_5_1_, propertypo1_.Name as Name2_5_1_, propertypo1_.PropertyOwnerId as Property3_5_1_, propertyow2_.id as id1_4_2_, propertyow2_.Address as Address2_4_2_, propertyow2_.Name as Name3_4_2_, propertyow2_.TaxID as TaxID4_4_2_ from ApartmentComplex apartmentc0_ left outer join PropertyPortfolio propertypo1_ on apartmentc0_.PropertyPortfolioId=propertypo1_.id left outer join PropertyOwner propertyow2_ on propertypo1_.PropertyOwnerId=propertyow2_.id where apartmentc0_.id=?
Hibernate: select next_val as id_val from hibernate_sequence for update
Hibernate: update hibernate_sequence set next_val= ? where next_val=?
Hibernate: insert into Candidate2Apartment (ApartmentId, CandidateId, Id) values (?, ?, ?)
Hibernate: select candidate0_.id as id1_2_, candidate0_.Address as Address2_2_, candidate0_.FirstName as FirstNam3_2_, candidate0_.LastName as LastName4_2_, candidate0_.PhoneNumber as PhoneNum5_2_, candidate0_.Income as Income6_2_, candidate0_.SSID as SSID7_2_ from Candidate candidate0_ where candidate0_.SSID=?
Hibernate: select apartment0_.id as id1_0_, apartment0_.ApartmentComplexId as Apartmen5_0_, apartment0_.Description as Descript2_0_, apartment0_.Number as Number3_0_, apartment0_.MonthlyRent as MonthlyR4_0_ from Apartment apartment0_ cross join ApartmentComplex apartmentc1_ where apartment0_.ApartmentComplexId=apartmentc1_.id and apartmentc1_.Name=? and apartment0_.Number=?
Hibernate: select apartmentc0_.id as id1_1_0_, apartmentc0_.Address as Address2_1_0_, apartmentc0_.Description as Descript3_1_0_, apartmentc0_.MonthlyCost as MonthlyC4_1_0_, apartmentc0_.Name as Name5_1_0_, apartmentc0_.PropertyPortfolioId as Property6_1_0_, propertypo1_.id as id1_5_1_, propertypo1_.Name as Name2_5_1_, propertypo1_.PropertyOwnerId as Property3_5_1_, propertyow2_.id as id1_4_2_, propertyow2_.Address as Address2_4_2_, propertyow2_.Name as Name3_4_2_, propertyow2_.TaxID as TaxID4_4_2_ from ApartmentComplex apartmentc0_ left outer join PropertyPortfolio propertypo1_ on apartmentc0_.PropertyPortfolioId=propertypo1_.id left outer join PropertyOwner propertyow2_ on propertypo1_.PropertyOwnerId=propertyow2_.id where apartmentc0_.id=?
Hibernate: select next_val as id_val from hibernate_sequence for update
Hibernate: update hibernate_sequence set next_val= ? where next_val=?
Hibernate: insert into Candidate2Apartment (ApartmentId, CandidateId, Id) values (?, ?, ?)
Hibernate: select candidate2x0_.Id as Id1_3_, candidate2x0_.ApartmentId as Apartmen2_3_, candidate2x0_.CandidateId as Candidat3_3_ from Candidate2Apartment candidate2x0_ cross join Apartment apartment1_ cross join ApartmentComplex apartmentc2_ where candidate2x0_.ApartmentId=apartment1_.id and apartment1_.ApartmentComplexId=apartmentc2_.id and apartmentc2_.Name=? and apartment1_.Number=?
Hibernate: select apartment0_.id as id1_0_0_, apartment0_.ApartmentComplexId as Apartmen5_0_0_, apartment0_.Description as Descript2_0_0_, apartment0_.Number as Number3_0_0_, apartment0_.MonthlyRent as MonthlyR4_0_0_, apartmentc1_.id as id1_1_1_, apartmentc1_.Address as Address2_1_1_, apartmentc1_.Description as Descript3_1_1_, apartmentc1_.MonthlyCost as MonthlyC4_1_1_, apartmentc1_.Name as Name5_1_1_, apartmentc1_.PropertyPortfolioId as Property6_1_1_, propertypo2_.id as id1_5_2_, propertypo2_.Name as Name2_5_2_, propertypo2_.PropertyOwnerId as Property3_5_2_ from Apartment apartment0_ inner join ApartmentComplex apartmentc1_ on apartment0_.ApartmentComplexId=apartmentc1_.id left outer join PropertyPortfolio propertypo2_ on apartmentc1_.PropertyPortfolioId=propertypo2_.id where apartment0_.id=?
Hibernate: select candidate0_.id as id1_2_0_, candidate0_.Address as Address2_2_0_, candidate0_.FirstName as FirstNam3_2_0_, candidate0_.LastName as LastName4_2_0_, candidate0_.PhoneNumber as PhoneNum5_2_0_, candidate0_.Income as Income6_2_0_, candidate0_.SSID as SSID7_2_0_ from Candidate candidate0_ where candidate0_.id=?
Hibernate: select candidate0_.id as id1_2_0_, candidate0_.Address as Address2_2_0_, candidate0_.FirstName as FirstNam3_2_0_, candidate0_.LastName as LastName4_2_0_, candidate0_.PhoneNumber as PhoneNum5_2_0_, candidate0_.Income as Income6_2_0_, candidate0_.SSID as SSID7_2_0_ from Candidate candidate0_ where candidate0_.id=?
2
Hibernate: select candidate2x0_.Id as Id1_3_, candidate2x0_.ApartmentId as Apartmen2_3_, candidate2x0_.CandidateId as Candidat3_3_ from Candidate2Apartment candidate2x0_ cross join Apartment apartment1_ cross join ApartmentComplex apartmentc2_ where candidate2x0_.ApartmentId=apartment1_.id and apartment1_.ApartmentComplexId=apartmentc2_.id and apartmentc2_.Name=? and apartment1_.Number=?
Hibernate: select apartment0_.id as id1_0_0_, apartment0_.ApartmentComplexId as Apartmen5_0_0_, apartment0_.Description as Descript2_0_0_, apartment0_.Number as Number3_0_0_, apartment0_.MonthlyRent as MonthlyR4_0_0_, apartmentc1_.id as id1_1_1_, apartmentc1_.Address as Address2_1_1_, apartmentc1_.Description as Descript3_1_1_, apartmentc1_.MonthlyCost as MonthlyC4_1_1_, apartmentc1_.Name as Name5_1_1_, apartmentc1_.PropertyPortfolioId as Property6_1_1_, propertypo2_.id as id1_5_2_, propertypo2_.Name as Name2_5_2_, propertypo2_.PropertyOwnerId as Property3_5_2_ from Apartment apartment0_ inner join ApartmentComplex apartmentc1_ on apartment0_.ApartmentComplexId=apartmentc1_.id left outer join PropertyPortfolio propertypo2_ on apartmentc1_.PropertyPortfolioId=propertypo2_.id where apartment0_.id=?
Hibernate: select candidate0_.id as id1_2_0_, candidate0_.Address as Address2_2_0_, candidate0_.FirstName as FirstNam3_2_0_, candidate0_.LastName as LastName4_2_0_, candidate0_.PhoneNumber as PhoneNum5_2_0_, candidate0_.Income as Income6_2_0_, candidate0_.SSID as SSID7_2_0_ from Candidate candidate0_ where candidate0_.id=?
Hibernate: select candidate0_.id as id1_2_0_, candidate0_.Address as Address2_2_0_, candidate0_.FirstName as FirstNam3_2_0_, candidate0_.LastName as LastName4_2_0_, candidate0_.PhoneNumber as PhoneNum5_2_0_, candidate0_.Income as Income6_2_0_, candidate0_.SSID as SSID7_2_0_ from Candidate candidate0_ where candidate0_.id=?
2
Hibernate: delete from Candidate2Apartment
Hibernate: delete from Candidate
Hibernate: delete from Apartment
Hibernate: delete from ApartmentComplex
Hibernate: insert into Candidate (Address, FirstName, LastName, PhoneNumber, Income, SSID, id) values (?, ?, ?, ?, ?, ?, ?)
Hibernate: insert into Candidate (Address, FirstName, LastName, PhoneNumber, Income, SSID, id) values (?, ?, ?, ?, ?, ?, ?)
Hibernate: insert into Candidate (Address, FirstName, LastName, PhoneNumber, Income, SSID, id) values (?, ?, ?, ?, ?, ?, ?)
Hibernate: insert into Candidate (Address, FirstName, LastName, PhoneNumber, Income, SSID, id) values (?, ?, ?, ?, ?, ?, ?)
Hibernate: insert into ApartmentComplex (Address, Description, MonthlyCost, Name, PropertyPortfolioId, id) values (?, ?, ?, ?, ?, ?)
Hibernate: insert into Apartment (ApartmentComplexId, Description, Number, MonthlyRent, id) values (?, ?, ?, ?, ?)
Hibernate: insert into Apartment (ApartmentComplexId, Description, Number, MonthlyRent, id) values (?, ?, ?, ?, ?)
Hibernate: insert into ApartmentComplex (Address, Description, MonthlyCost, Name, PropertyPortfolioId, id) values (?, ?, ?, ?, ?, ?)
Hibernate: insert into Apartment (ApartmentComplexId, Description, Number, MonthlyRent, id) values (?, ?, ?, ?, ?)
Hibernate: select candidate0_.id as id1_2_, candidate0_.Address as Address2_2_, candidate0_.FirstName as FirstNam3_2_, candidate0_.LastName as LastName4_2_, candidate0_.PhoneNumber as PhoneNum5_2_, candidate0_.Income as Income6_2_, candidate0_.SSID as SSID7_2_ from Candidate candidate0_ where candidate0_.SSID=?
Hibernate: select apartment0_.id as id1_0_, apartment0_.ApartmentComplexId as Apartmen5_0_, apartment0_.Description as Descript2_0_, apartment0_.Number as Number3_0_, apartment0_.MonthlyRent as MonthlyR4_0_ from Apartment apartment0_ cross join ApartmentComplex apartmentc1_ where apartment0_.ApartmentComplexId=apartmentc1_.id and apartmentc1_.Name=? and apartment0_.Number=?
Hibernate: select apartmentc0_.id as id1_1_0_, apartmentc0_.Address as Address2_1_0_, apartmentc0_.Description as Descript3_1_0_, apartmentc0_.MonthlyCost as MonthlyC4_1_0_, apartmentc0_.Name as Name5_1_0_, apartmentc0_.PropertyPortfolioId as Property6_1_0_, propertypo1_.id as id1_5_1_, propertypo1_.Name as Name2_5_1_, propertypo1_.PropertyOwnerId as Property3_5_1_, propertyow2_.id as id1_4_2_, propertyow2_.Address as Address2_4_2_, propertyow2_.Name as Name3_4_2_, propertyow2_.TaxID as TaxID4_4_2_ from ApartmentComplex apartmentc0_ left outer join PropertyPortfolio propertypo1_ on apartmentc0_.PropertyPortfolioId=propertypo1_.id left outer join PropertyOwner propertyow2_ on propertypo1_.PropertyOwnerId=propertyow2_.id where apartmentc0_.id=?
Hibernate: select next_val as id_val from hibernate_sequence for update
Hibernate: update hibernate_sequence set next_val= ? where next_val=?
Hibernate: insert into Candidate2Apartment (ApartmentId, CandidateId, Id) values (?, ?, ?)
Hibernate: select candidate0_.id as id1_2_, candidate0_.Address as Address2_2_, candidate0_.FirstName as FirstNam3_2_, candidate0_.LastName as LastName4_2_, candidate0_.PhoneNumber as PhoneNum5_2_, candidate0_.Income as Income6_2_, candidate0_.SSID as SSID7_2_ from Candidate candidate0_ where candidate0_.SSID=?
Hibernate: select apartment0_.id as id1_0_, apartment0_.ApartmentComplexId as Apartmen5_0_, apartment0_.Description as Descript2_0_, apartment0_.Number as Number3_0_, apartment0_.MonthlyRent as MonthlyR4_0_ from Apartment apartment0_ cross join ApartmentComplex apartmentc1_ where apartment0_.ApartmentComplexId=apartmentc1_.id and apartmentc1_.Name=? and apartment0_.Number=?
Hibernate: select apartmentc0_.id as id1_1_0_, apartmentc0_.Address as Address2_1_0_, apartmentc0_.Description as Descript3_1_0_, apartmentc0_.MonthlyCost as MonthlyC4_1_0_, apartmentc0_.Name as Name5_1_0_, apartmentc0_.PropertyPortfolioId as Property6_1_0_, propertypo1_.id as id1_5_1_, propertypo1_.Name as Name2_5_1_, propertypo1_.PropertyOwnerId as Property3_5_1_, propertyow2_.id as id1_4_2_, propertyow2_.Address as Address2_4_2_, propertyow2_.Name as Name3_4_2_, propertyow2_.TaxID as TaxID4_4_2_ from ApartmentComplex apartmentc0_ left outer join PropertyPortfolio propertypo1_ on apartmentc0_.PropertyPortfolioId=propertypo1_.id left outer join PropertyOwner propertyow2_ on propertypo1_.PropertyOwnerId=propertyow2_.id where apartmentc0_.id=?
Hibernate: select next_val as id_val from hibernate_sequence for update
Hibernate: update hibernate_sequence set next_val= ? where next_val=?
Hibernate: insert into Candidate2Apartment (ApartmentId, CandidateId, Id) values (?, ?, ?)
Hibernate: select candidate0_.id as id1_2_, candidate0_.Address as Address2_2_, candidate0_.FirstName as FirstNam3_2_, candidate0_.LastName as LastName4_2_, candidate0_.PhoneNumber as PhoneNum5_2_, candidate0_.Income as Income6_2_, candidate0_.SSID as SSID7_2_ from Candidate candidate0_ where candidate0_.SSID=?
Hibernate: select apartment0_.id as id1_0_, apartment0_.ApartmentComplexId as Apartmen5_0_, apartment0_.Description as Descript2_0_, apartment0_.Number as Number3_0_, apartment0_.MonthlyRent as MonthlyR4_0_ from Apartment apartment0_ cross join ApartmentComplex apartmentc1_ where apartment0_.ApartmentComplexId=apartmentc1_.id and apartmentc1_.Name=? and apartment0_.Number=?
Hibernate: select apartmentc0_.id as id1_1_0_, apartmentc0_.Address as Address2_1_0_, apartmentc0_.Description as Descript3_1_0_, apartmentc0_.MonthlyCost as MonthlyC4_1_0_, apartmentc0_.Name as Name5_1_0_, apartmentc0_.PropertyPortfolioId as Property6_1_0_, propertypo1_.id as id1_5_1_, propertypo1_.Name as Name2_5_1_, propertypo1_.PropertyOwnerId as Property3_5_1_, propertyow2_.id as id1_4_2_, propertyow2_.Address as Address2_4_2_, propertyow2_.Name as Name3_4_2_, propertyow2_.TaxID as TaxID4_4_2_ from ApartmentComplex apartmentc0_ left outer join PropertyPortfolio propertypo1_ on apartmentc0_.PropertyPortfolioId=propertypo1_.id left outer join PropertyOwner propertyow2_ on propertypo1_.PropertyOwnerId=propertyow2_.id where apartmentc0_.id=?
Hibernate: select next_val as id_val from hibernate_sequence for update
Hibernate: update hibernate_sequence set next_val= ? where next_val=?
Hibernate: insert into Candidate2Apartment (ApartmentId, CandidateId, Id) values (?, ?, ?)
Hibernate: select candidate0_.id as id1_2_, candidate0_.Address as Address2_2_, candidate0_.FirstName as FirstNam3_2_, candidate0_.LastName as LastName4_2_, candidate0_.PhoneNumber as PhoneNum5_2_, candidate0_.Income as Income6_2_, candidate0_.SSID as SSID7_2_ from Candidate candidate0_ where candidate0_.SSID=?
Hibernate: select apartment0_.id as id1_0_, apartment0_.ApartmentComplexId as Apartmen5_0_, apartment0_.Description as Descript2_0_, apartment0_.Number as Number3_0_, apartment0_.MonthlyRent as MonthlyR4_0_ from Apartment apartment0_ cross join ApartmentComplex apartmentc1_ where apartment0_.ApartmentComplexId=apartmentc1_.id and apartmentc1_.Name=? and apartment0_.Number=?
Hibernate: select apartmentc0_.id as id1_1_0_, apartmentc0_.Address as Address2_1_0_, apartmentc0_.Description as Descript3_1_0_, apartmentc0_.MonthlyCost as MonthlyC4_1_0_, apartmentc0_.Name as Name5_1_0_, apartmentc0_.PropertyPortfolioId as Property6_1_0_, propertypo1_.id as id1_5_1_, propertypo1_.Name as Name2_5_1_, propertypo1_.PropertyOwnerId as Property3_5_1_, propertyow2_.id as id1_4_2_, propertyow2_.Address as Address2_4_2_, propertyow2_.Name as Name3_4_2_, propertyow2_.TaxID as TaxID4_4_2_ from ApartmentComplex apartmentc0_ left outer join PropertyPortfolio propertypo1_ on apartmentc0_.PropertyPortfolioId=propertypo1_.id left outer join PropertyOwner propertyow2_ on propertypo1_.PropertyOwnerId=propertyow2_.id where apartmentc0_.id=?
Hibernate: select next_val as id_val from hibernate_sequence for update
Hibernate: update hibernate_sequence set next_val= ? where next_val=?
Hibernate: insert into Candidate2Apartment (ApartmentId, CandidateId, Id) values (?, ?, ?)
Hibernate: select candidate0_.id as id1_2_, candidate0_.Address as Address2_2_, candidate0_.FirstName as FirstNam3_2_, candidate0_.LastName as LastName4_2_, candidate0_.PhoneNumber as PhoneNum5_2_, candidate0_.Income as Income6_2_, candidate0_.SSID as SSID7_2_ from Candidate candidate0_ where candidate0_.SSID=?
Hibernate: select apartment0_.id as id1_0_, apartment0_.ApartmentComplexId as Apartmen5_0_, apartment0_.Description as Descript2_0_, apartment0_.Number as Number3_0_, apartment0_.MonthlyRent as MonthlyR4_0_ from Apartment apartment0_ cross join ApartmentComplex apartmentc1_ where apartment0_.ApartmentComplexId=apartmentc1_.id and apartmentc1_.Name=? and apartment0_.Number=?
Hibernate: select apartmentc0_.id as id1_1_0_, apartmentc0_.Address as Address2_1_0_, apartmentc0_.Description as Descript3_1_0_, apartmentc0_.MonthlyCost as MonthlyC4_1_0_, apartmentc0_.Name as Name5_1_0_, apartmentc0_.PropertyPortfolioId as Property6_1_0_, propertypo1_.id as id1_5_1_, propertypo1_.Name as Name2_5_1_, propertypo1_.PropertyOwnerId as Property3_5_1_, propertyow2_.id as id1_4_2_, propertyow2_.Address as Address2_4_2_, propertyow2_.Name as Name3_4_2_, propertyow2_.TaxID as TaxID4_4_2_ from ApartmentComplex apartmentc0_ left outer join PropertyPortfolio propertypo1_ on apartmentc0_.PropertyPortfolioId=propertypo1_.id left outer join PropertyOwner propertyow2_ on propertypo1_.PropertyOwnerId=propertyow2_.id where apartmentc0_.id=?
Hibernate: select next_val as id_val from hibernate_sequence for update
Hibernate: update hibernate_sequence set next_val= ? where next_val=?
Hibernate: insert into Candidate2Apartment (ApartmentId, CandidateId, Id) values (?, ?, ?)
Hibernate: delete from Candidate2Apartment where ApartmentId=? and CandidateId=?
Hibernate: select candidate2x0_.Id as Id1_3_, candidate2x0_.ApartmentId as Apartmen2_3_, candidate2x0_.CandidateId as Candidat3_3_ from Candidate2Apartment candidate2x0_ cross join Apartment apartment1_ cross join ApartmentComplex apartmentc2_ where candidate2x0_.ApartmentId=apartment1_.id and apartment1_.ApartmentComplexId=apartmentc2_.id and apartmentc2_.Name=? and apartment1_.Number=?
Hibernate: select apartment0_.id as id1_0_0_, apartment0_.ApartmentComplexId as Apartmen5_0_0_, apartment0_.Description as Descript2_0_0_, apartment0_.Number as Number3_0_0_, apartment0_.MonthlyRent as MonthlyR4_0_0_, apartmentc1_.id as id1_1_1_, apartmentc1_.Address as Address2_1_1_, apartmentc1_.Description as Descript3_1_1_, apartmentc1_.MonthlyCost as MonthlyC4_1_1_, apartmentc1_.Name as Name5_1_1_, apartmentc1_.PropertyPortfolioId as Property6_1_1_, propertypo2_.id as id1_5_2_, propertypo2_.Name as Name2_5_2_, propertypo2_.PropertyOwnerId as Property3_5_2_ from Apartment apartment0_ inner join ApartmentComplex apartmentc1_ on apartment0_.ApartmentComplexId=apartmentc1_.id left outer join PropertyPortfolio propertypo2_ on apartmentc1_.PropertyPortfolioId=propertypo2_.id where apartment0_.id=?
Hibernate: select candidate0_.id as id1_2_0_, candidate0_.Address as Address2_2_0_, candidate0_.FirstName as FirstNam3_2_0_, candidate0_.LastName as LastName4_2_0_, candidate0_.PhoneNumber as PhoneNum5_2_0_, candidate0_.Income as Income6_2_0_, candidate0_.SSID as SSID7_2_0_ from Candidate candidate0_ where candidate0_.id=?
Hibernate: delete from Candidate2Apartment
Hibernate: delete from Candidate
Hibernate: delete from Apartment
Hibernate: delete from ApartmentComplex
Hibernate: insert into Candidate (Address, FirstName, LastName, PhoneNumber, Income, SSID, id) values (?, ?, ?, ?, ?, ?, ?)
Hibernate: insert into Candidate (Address, FirstName, LastName, PhoneNumber, Income, SSID, id) values (?, ?, ?, ?, ?, ?, ?)
Hibernate: insert into Candidate (Address, FirstName, LastName, PhoneNumber, Income, SSID, id) values (?, ?, ?, ?, ?, ?, ?)
Hibernate: insert into Candidate (Address, FirstName, LastName, PhoneNumber, Income, SSID, id) values (?, ?, ?, ?, ?, ?, ?)
Hibernate: insert into ApartmentComplex (Address, Description, MonthlyCost, Name, PropertyPortfolioId, id) values (?, ?, ?, ?, ?, ?)
Hibernate: insert into Apartment (ApartmentComplexId, Description, Number, MonthlyRent, id) values (?, ?, ?, ?, ?)
Hibernate: insert into Apartment (ApartmentComplexId, Description, Number, MonthlyRent, id) values (?, ?, ?, ?, ?)
Hibernate: insert into ApartmentComplex (Address, Description, MonthlyCost, Name, PropertyPortfolioId, id) values (?, ?, ?, ?, ?, ?)
Hibernate: insert into Apartment (ApartmentComplexId, Description, Number, MonthlyRent, id) values (?, ?, ?, ?, ?)
Hibernate: select candidate0_.id as id1_2_, candidate0_.Address as Address2_2_, candidate0_.FirstName as FirstNam3_2_, candidate0_.LastName as LastName4_2_, candidate0_.PhoneNumber as PhoneNum5_2_, candidate0_.Income as Income6_2_, candidate0_.SSID as SSID7_2_ from Candidate candidate0_ where candidate0_.SSID=?
Hibernate: select apartment0_.id as id1_0_, apartment0_.ApartmentComplexId as Apartmen5_0_, apartment0_.Description as Descript2_0_, apartment0_.Number as Number3_0_, apartment0_.MonthlyRent as MonthlyR4_0_ from Apartment apartment0_ cross join ApartmentComplex apartmentc1_ where apartment0_.ApartmentComplexId=apartmentc1_.id and apartmentc1_.Name=? and apartment0_.Number=?
Hibernate: select apartmentc0_.id as id1_1_0_, apartmentc0_.Address as Address2_1_0_, apartmentc0_.Description as Descript3_1_0_, apartmentc0_.MonthlyCost as MonthlyC4_1_0_, apartmentc0_.Name as Name5_1_0_, apartmentc0_.PropertyPortfolioId as Property6_1_0_, propertypo1_.id as id1_5_1_, propertypo1_.Name as Name2_5_1_, propertypo1_.PropertyOwnerId as Property3_5_1_, propertyow2_.id as id1_4_2_, propertyow2_.Address as Address2_4_2_, propertyow2_.Name as Name3_4_2_, propertyow2_.TaxID as TaxID4_4_2_ from ApartmentComplex apartmentc0_ left outer join PropertyPortfolio propertypo1_ on apartmentc0_.PropertyPortfolioId=propertypo1_.id left outer join PropertyOwner propertyow2_ on propertypo1_.PropertyOwnerId=propertyow2_.id where apartmentc0_.id=?
Hibernate: select next_val as id_val from hibernate_sequence for update
Hibernate: update hibernate_sequence set next_val= ? where next_val=?
Hibernate: insert into Candidate2Apartment (ApartmentId, CandidateId, Id) values (?, ?, ?)
Hibernate: select candidate0_.id as id1_2_, candidate0_.Address as Address2_2_, candidate0_.FirstName as FirstNam3_2_, candidate0_.LastName as LastName4_2_, candidate0_.PhoneNumber as PhoneNum5_2_, candidate0_.Income as Income6_2_, candidate0_.SSID as SSID7_2_ from Candidate candidate0_ where candidate0_.SSID=?
Hibernate: select apartment0_.id as id1_0_, apartment0_.ApartmentComplexId as Apartmen5_0_, apartment0_.Description as Descript2_0_, apartment0_.Number as Number3_0_, apartment0_.MonthlyRent as MonthlyR4_0_ from Apartment apartment0_ cross join ApartmentComplex apartmentc1_ where apartment0_.ApartmentComplexId=apartmentc1_.id and apartmentc1_.Name=? and apartment0_.Number=?
Hibernate: select apartmentc0_.id as id1_1_0_, apartmentc0_.Address as Address2_1_0_, apartmentc0_.Description as Descript3_1_0_, apartmentc0_.MonthlyCost as MonthlyC4_1_0_, apartmentc0_.Name as Name5_1_0_, apartmentc0_.PropertyPortfolioId as Property6_1_0_, propertypo1_.id as id1_5_1_, propertypo1_.Name as Name2_5_1_, propertypo1_.PropertyOwnerId as Property3_5_1_, propertyow2_.id as id1_4_2_, propertyow2_.Address as Address2_4_2_, propertyow2_.Name as Name3_4_2_, propertyow2_.TaxID as TaxID4_4_2_ from ApartmentComplex apartmentc0_ left outer join PropertyPortfolio propertypo1_ on apartmentc0_.PropertyPortfolioId=propertypo1_.id left outer join PropertyOwner propertyow2_ on propertypo1_.PropertyOwnerId=propertyow2_.id where apartmentc0_.id=?
Hibernate: select next_val as id_val from hibernate_sequence for update
Hibernate: update hibernate_sequence set next_val= ? where next_val=?
Hibernate: insert into Candidate2Apartment (ApartmentId, CandidateId, Id) values (?, ?, ?)
Hibernate: select candidate0_.id as id1_2_, candidate0_.Address as Address2_2_, candidate0_.FirstName as FirstNam3_2_, candidate0_.LastName as LastName4_2_, candidate0_.PhoneNumber as PhoneNum5_2_, candidate0_.Income as Income6_2_, candidate0_.SSID as SSID7_2_ from Candidate candidate0_ where candidate0_.SSID=?
Hibernate: select apartment0_.id as id1_0_, apartment0_.ApartmentComplexId as Apartmen5_0_, apartment0_.Description as Descript2_0_, apartment0_.Number as Number3_0_, apartment0_.MonthlyRent as MonthlyR4_0_ from Apartment apartment0_ cross join ApartmentComplex apartmentc1_ where apartment0_.ApartmentComplexId=apartmentc1_.id and apartmentc1_.Name=? and apartment0_.Number=?
Hibernate: select apartmentc0_.id as id1_1_0_, apartmentc0_.Address as Address2_1_0_, apartmentc0_.Description as Descript3_1_0_, apartmentc0_.MonthlyCost as MonthlyC4_1_0_, apartmentc0_.Name as Name5_1_0_, apartmentc0_.PropertyPortfolioId as Property6_1_0_, propertypo1_.id as id1_5_1_, propertypo1_.Name as Name2_5_1_, propertypo1_.PropertyOwnerId as Property3_5_1_, propertyow2_.id as id1_4_2_, propertyow2_.Address as Address2_4_2_, propertyow2_.Name as Name3_4_2_, propertyow2_.TaxID as TaxID4_4_2_ from ApartmentComplex apartmentc0_ left outer join PropertyPortfolio propertypo1_ on apartmentc0_.PropertyPortfolioId=propertypo1_.id left outer join PropertyOwner propertyow2_ on propertypo1_.PropertyOwnerId=propertyow2_.id where apartmentc0_.id=?
Hibernate: select next_val as id_val from hibernate_sequence for update
Hibernate: update hibernate_sequence set next_val= ? where next_val=?
Hibernate: insert into Candidate2Apartment (ApartmentId, CandidateId, Id) values (?, ?, ?)
Hibernate: select candidate0_.id as id1_2_, candidate0_.Address as Address2_2_, candidate0_.FirstName as FirstNam3_2_, candidate0_.LastName as LastName4_2_, candidate0_.PhoneNumber as PhoneNum5_2_, candidate0_.Income as Income6_2_, candidate0_.SSID as SSID7_2_ from Candidate candidate0_ where candidate0_.SSID=?
Hibernate: select apartment0_.id as id1_0_, apartment0_.ApartmentComplexId as Apartmen5_0_, apartment0_.Description as Descript2_0_, apartment0_.Number as Number3_0_, apartment0_.MonthlyRent as MonthlyR4_0_ from Apartment apartment0_ cross join ApartmentComplex apartmentc1_ where apartment0_.ApartmentComplexId=apartmentc1_.id and apartmentc1_.Name=? and apartment0_.Number=?
Hibernate: select apartmentc0_.id as id1_1_0_, apartmentc0_.Address as Address2_1_0_, apartmentc0_.Description as Descript3_1_0_, apartmentc0_.MonthlyCost as MonthlyC4_1_0_, apartmentc0_.Name as Name5_1_0_, apartmentc0_.PropertyPortfolioId as Property6_1_0_, propertypo1_.id as id1_5_1_, propertypo1_.Name as Name2_5_1_, propertypo1_.PropertyOwnerId as Property3_5_1_, propertyow2_.id as id1_4_2_, propertyow2_.Address as Address2_4_2_, propertyow2_.Name as Name3_4_2_, propertyow2_.TaxID as TaxID4_4_2_ from ApartmentComplex apartmentc0_ left outer join PropertyPortfolio propertypo1_ on apartmentc0_.PropertyPortfolioId=propertypo1_.id left outer join PropertyOwner propertyow2_ on propertypo1_.PropertyOwnerId=propertyow2_.id where apartmentc0_.id=?
Hibernate: select next_val as id_val from hibernate_sequence for update
Hibernate: update hibernate_sequence set next_val= ? where next_val=?
Hibernate: insert into Candidate2Apartment (ApartmentId, CandidateId, Id) values (?, ?, ?)
Hibernate: select candidate0_.id as id1_2_, candidate0_.Address as Address2_2_, candidate0_.FirstName as FirstNam3_2_, candidate0_.LastName as LastName4_2_, candidate0_.PhoneNumber as PhoneNum5_2_, candidate0_.Income as Income6_2_, candidate0_.SSID as SSID7_2_ from Candidate candidate0_ where candidate0_.SSID=?
Hibernate: select apartment0_.id as id1_0_, apartment0_.ApartmentComplexId as Apartmen5_0_, apartment0_.Description as Descript2_0_, apartment0_.Number as Number3_0_, apartment0_.MonthlyRent as MonthlyR4_0_ from Apartment apartment0_ cross join ApartmentComplex apartmentc1_ where apartment0_.ApartmentComplexId=apartmentc1_.id and apartmentc1_.Name=? and apartment0_.Number=?
Hibernate: select apartmentc0_.id as id1_1_0_, apartmentc0_.Address as Address2_1_0_, apartmentc0_.Description as Descript3_1_0_, apartmentc0_.MonthlyCost as MonthlyC4_1_0_, apartmentc0_.Name as Name5_1_0_, apartmentc0_.PropertyPortfolioId as Property6_1_0_, propertypo1_.id as id1_5_1_, propertypo1_.Name as Name2_5_1_, propertypo1_.PropertyOwnerId as Property3_5_1_, propertyow2_.id as id1_4_2_, propertyow2_.Address as Address2_4_2_, propertyow2_.Name as Name3_4_2_, propertyow2_.TaxID as TaxID4_4_2_ from ApartmentComplex apartmentc0_ left outer join PropertyPortfolio propertypo1_ on apartmentc0_.PropertyPortfolioId=propertypo1_.id left outer join PropertyOwner propertyow2_ on propertypo1_.PropertyOwnerId=propertyow2_.id where apartmentc0_.id=?
Hibernate: select next_val as id_val from hibernate_sequence for update
Hibernate: update hibernate_sequence set next_val= ? where next_val=?
Hibernate: insert into Candidate2Apartment (ApartmentId, CandidateId, Id) values (?, ?, ?)
Hibernate: select candidate2x0_.Id as Id1_3_, candidate2x0_.ApartmentId as Apartmen2_3_, candidate2x0_.CandidateId as Candidat3_3_ from Candidate2Apartment candidate2x0_ cross join Candidate candidate1_ where candidate2x0_.CandidateId=candidate1_.id and candidate1_.SSID=?
Hibernate: select apartment0_.id as id1_0_0_, apartment0_.ApartmentComplexId as Apartmen5_0_0_, apartment0_.Description as Descript2_0_0_, apartment0_.Number as Number3_0_0_, apartment0_.MonthlyRent as MonthlyR4_0_0_, apartmentc1_.id as id1_1_1_, apartmentc1_.Address as Address2_1_1_, apartmentc1_.Description as Descript3_1_1_, apartmentc1_.MonthlyCost as MonthlyC4_1_1_, apartmentc1_.Name as Name5_1_1_, apartmentc1_.PropertyPortfolioId as Property6_1_1_, propertypo2_.id as id1_5_2_, propertypo2_.Name as Name2_5_2_, propertypo2_.PropertyOwnerId as Property3_5_2_ from Apartment apartment0_ inner join ApartmentComplex apartmentc1_ on apartment0_.ApartmentComplexId=apartmentc1_.id left outer join PropertyPortfolio propertypo2_ on apartmentc1_.PropertyPortfolioId=propertypo2_.id where apartment0_.id=?
Hibernate: select candidate0_.id as id1_2_0_, candidate0_.Address as Address2_2_0_, candidate0_.FirstName as FirstNam3_2_0_, candidate0_.LastName as LastName4_2_0_, candidate0_.PhoneNumber as PhoneNum5_2_0_, candidate0_.Income as Income6_2_0_, candidate0_.SSID as SSID7_2_0_ from Candidate candidate0_ where candidate0_.id=?
Hibernate: select candidate2x0_.Id as Id1_3_, candidate2x0_.ApartmentId as Apartmen2_3_, candidate2x0_.CandidateId as Candidat3_3_ from Candidate2Apartment candidate2x0_ cross join Apartment apartment1_ cross join ApartmentComplex apartmentc2_ where candidate2x0_.ApartmentId=apartment1_.id and apartment1_.ApartmentComplexId=apartmentc2_.id and apartmentc2_.Name=? and apartment1_.Number=?
Hibernate: select apartment0_.id as id1_0_0_, apartment0_.ApartmentComplexId as Apartmen5_0_0_, apartment0_.Description as Descript2_0_0_, apartment0_.Number as Number3_0_0_, apartment0_.MonthlyRent as MonthlyR4_0_0_, apartmentc1_.id as id1_1_1_, apartmentc1_.Address as Address2_1_1_, apartmentc1_.Description as Descript3_1_1_, apartmentc1_.MonthlyCost as MonthlyC4_1_1_, apartmentc1_.Name as Name5_1_1_, apartmentc1_.PropertyPortfolioId as Property6_1_1_, propertypo2_.id as id1_5_2_, propertypo2_.Name as Name2_5_2_, propertypo2_.PropertyOwnerId as Property3_5_2_ from Apartment apartment0_ inner join ApartmentComplex apartmentc1_ on apartment0_.ApartmentComplexId=apartmentc1_.id left outer join PropertyPortfolio propertypo2_ on apartmentc1_.PropertyPortfolioId=propertypo2_.id where apartment0_.id=?
Hibernate: select candidate0_.id as id1_2_0_, candidate0_.Address as Address2_2_0_, candidate0_.FirstName as FirstNam3_2_0_, candidate0_.LastName as LastName4_2_0_, candidate0_.PhoneNumber as PhoneNum5_2_0_, candidate0_.Income as Income6_2_0_, candidate0_.SSID as SSID7_2_0_ from Candidate candidate0_ where candidate0_.id=?
Hibernate: select candidate0_.id as id1_2_0_, candidate0_.Address as Address2_2_0_, candidate0_.FirstName as FirstNam3_2_0_, candidate0_.LastName as LastName4_2_0_, candidate0_.PhoneNumber as PhoneNum5_2_0_, candidate0_.Income as Income6_2_0_, candidate0_.SSID as SSID7_2_0_ from Candidate candidate0_ where candidate0_.id=?
Hibernate: select candidate2x0_.Id as Id1_3_, candidate2x0_.ApartmentId as Apartmen2_3_, candidate2x0_.CandidateId as Candidat3_3_ from Candidate2Apartment candidate2x0_ cross join Candidate candidate1_ where candidate2x0_.CandidateId=candidate1_.id and candidate1_.SSID=?
Hibernate: select apartment0_.id as id1_0_0_, apartment0_.ApartmentComplexId as Apartmen5_0_0_, apartment0_.Description as Descript2_0_0_, apartment0_.Number as Number3_0_0_, apartment0_.MonthlyRent as MonthlyR4_0_0_, apartmentc1_.id as id1_1_1_, apartmentc1_.Address as Address2_1_1_, apartmentc1_.Description as Descript3_1_1_, apartmentc1_.MonthlyCost as MonthlyC4_1_1_, apartmentc1_.Name as Name5_1_1_, apartmentc1_.PropertyPortfolioId as Property6_1_1_, propertypo2_.id as id1_5_2_, propertypo2_.Name as Name2_5_2_, propertypo2_.PropertyOwnerId as Property3_5_2_ from Apartment apartment0_ inner join ApartmentComplex apartmentc1_ on apartment0_.ApartmentComplexId=apartmentc1_.id left outer join PropertyPortfolio propertypo2_ on apartmentc1_.PropertyPortfolioId=propertypo2_.id where apartment0_.id=?
Hibernate: select candidate0_.id as id1_2_0_, candidate0_.Address as Address2_2_0_, candidate0_.FirstName as FirstNam3_2_0_, candidate0_.LastName as LastName4_2_0_, candidate0_.PhoneNumber as PhoneNum5_2_0_, candidate0_.Income as Income6_2_0_, candidate0_.SSID as SSID7_2_0_ from Candidate candidate0_ where candidate0_.id=?
Hibernate: select apartment0_.id as id1_0_0_, apartment0_.ApartmentComplexId as Apartmen5_0_0_, apartment0_.Description as Descript2_0_0_, apartment0_.Number as Number3_0_0_, apartment0_.MonthlyRent as MonthlyR4_0_0_, apartmentc1_.id as id1_1_1_, apartmentc1_.Address as Address2_1_1_, apartmentc1_.Description as Descript3_1_1_, apartmentc1_.MonthlyCost as MonthlyC4_1_1_, apartmentc1_.Name as Name5_1_1_, apartmentc1_.PropertyPortfolioId as Property6_1_1_, propertypo2_.id as id1_5_2_, propertypo2_.Name as Name2_5_2_, propertypo2_.PropertyOwnerId as Property3_5_2_ from Apartment apartment0_ inner join ApartmentComplex apartmentc1_ on apartment0_.ApartmentComplexId=apartmentc1_.id left outer join PropertyPortfolio propertypo2_ on apartmentc1_.PropertyPortfolioId=propertypo2_.id where apartment0_.id=?
Hibernate: select candidate2x0_.Id as Id1_3_, candidate2x0_.ApartmentId as Apartmen2_3_, candidate2x0_.CandidateId as Candidat3_3_ from Candidate2Apartment candidate2x0_ cross join Apartment apartment1_ cross join ApartmentComplex apartmentc2_ where candidate2x0_.ApartmentId=apartment1_.id and apartment1_.ApartmentComplexId=apartmentc2_.id and apartmentc2_.Name=? and apartment1_.Number=?
Hibernate: select apartment0_.id as id1_0_0_, apartment0_.ApartmentComplexId as Apartmen5_0_0_, apartment0_.Description as Descript2_0_0_, apartment0_.Number as Number3_0_0_, apartment0_.MonthlyRent as MonthlyR4_0_0_, apartmentc1_.id as id1_1_1_, apartmentc1_.Address as Address2_1_1_, apartmentc1_.Description as Descript3_1_1_, apartmentc1_.MonthlyCost as MonthlyC4_1_1_, apartmentc1_.Name as Name5_1_1_, apartmentc1_.PropertyPortfolioId as Property6_1_1_, propertypo2_.id as id1_5_2_, propertypo2_.Name as Name2_5_2_, propertypo2_.PropertyOwnerId as Property3_5_2_ from Apartment apartment0_ inner join ApartmentComplex apartmentc1_ on apartment0_.ApartmentComplexId=apartmentc1_.id left outer join PropertyPortfolio propertypo2_ on apartmentc1_.PropertyPortfolioId=propertypo2_.id where apartment0_.id=?
Hibernate: select candidate0_.id as id1_2_0_, candidate0_.Address as Address2_2_0_, candidate0_.FirstName as FirstNam3_2_0_, candidate0_.LastName as LastName4_2_0_, candidate0_.PhoneNumber as PhoneNum5_2_0_, candidate0_.Income as Income6_2_0_, candidate0_.SSID as SSID7_2_0_ from Candidate candidate0_ where candidate0_.id=?
Hibernate: select candidate0_.id as id1_2_0_, candidate0_.Address as Address2_2_0_, candidate0_.FirstName as FirstNam3_2_0_, candidate0_.LastName as LastName4_2_0_, candidate0_.PhoneNumber as PhoneNum5_2_0_, candidate0_.Income as Income6_2_0_, candidate0_.SSID as SSID7_2_0_ from Candidate candidate0_ where candidate0_.id=?
Hibernate: select candidate2x0_.Id as Id1_3_, candidate2x0_.ApartmentId as Apartmen2_3_, candidate2x0_.CandidateId as Candidat3_3_ from Candidate2Apartment candidate2x0_ cross join Apartment apartment1_ cross join ApartmentComplex apartmentc2_ where candidate2x0_.ApartmentId=apartment1_.id and apartment1_.ApartmentComplexId=apartmentc2_.id and apartmentc2_.Name=? and apartment1_.Number=?
Hibernate: select apartment0_.id as id1_0_0_, apartment0_.ApartmentComplexId as Apartmen5_0_0_, apartment0_.Description as Descript2_0_0_, apartment0_.Number as Number3_0_0_, apartment0_.MonthlyRent as MonthlyR4_0_0_, apartmentc1_.id as id1_1_1_, apartmentc1_.Address as Address2_1_1_, apartmentc1_.Description as Descript3_1_1_, apartmentc1_.MonthlyCost as MonthlyC4_1_1_, apartmentc1_.Name as Name5_1_1_, apartmentc1_.PropertyPortfolioId as Property6_1_1_, propertypo2_.id as id1_5_2_, propertypo2_.Name as Name2_5_2_, propertypo2_.PropertyOwnerId as Property3_5_2_ from Apartment apartment0_ inner join ApartmentComplex apartmentc1_ on apartment0_.ApartmentComplexId=apartmentc1_.id left outer join PropertyPortfolio propertypo2_ on apartmentc1_.PropertyPortfolioId=propertypo2_.id where apartment0_.id=?
Hibernate: select candidate0_.id as id1_2_0_, candidate0_.Address as Address2_2_0_, candidate0_.FirstName as FirstNam3_2_0_, candidate0_.LastName as LastName4_2_0_, candidate0_.PhoneNumber as PhoneNum5_2_0_, candidate0_.Income as Income6_2_0_, candidate0_.SSID as SSID7_2_0_ from Candidate candidate0_ where candidate0_.id=?
Hibernate: select candidate0_.id as id1_2_0_, candidate0_.Address as Address2_2_0_, candidate0_.FirstName as FirstNam3_2_0_, candidate0_.LastName as LastName4_2_0_, candidate0_.PhoneNumber as PhoneNum5_2_0_, candidate0_.Income as Income6_2_0_, candidate0_.SSID as SSID7_2_0_ from Candidate candidate0_ where candidate0_.id=?
Hibernate: delete from Candidate2Apartment
Hibernate: delete from Candidate
Hibernate: delete from Apartment
Hibernate: delete from ApartmentComplex
Hibernate: insert into Candidate (Address, FirstName, LastName, PhoneNumber, Income, SSID, id) values (?, ?, ?, ?, ?, ?, ?)
Hibernate: insert into Candidate (Address, FirstName, LastName, PhoneNumber, Income, SSID, id) values (?, ?, ?, ?, ?, ?, ?)
Hibernate: insert into Candidate (Address, FirstName, LastName, PhoneNumber, Income, SSID, id) values (?, ?, ?, ?, ?, ?, ?)
Hibernate: insert into Candidate (Address, FirstName, LastName, PhoneNumber, Income, SSID, id) values (?, ?, ?, ?, ?, ?, ?)
Hibernate: insert into ApartmentComplex (Address, Description, MonthlyCost, Name, PropertyPortfolioId, id) values (?, ?, ?, ?, ?, ?)
Hibernate: insert into Apartment (ApartmentComplexId, Description, Number, MonthlyRent, id) values (?, ?, ?, ?, ?)
Hibernate: insert into Apartment (ApartmentComplexId, Description, Number, MonthlyRent, id) values (?, ?, ?, ?, ?)
Hibernate: insert into ApartmentComplex (Address, Description, MonthlyCost, Name, PropertyPortfolioId, id) values (?, ?, ?, ?, ?, ?)
Hibernate: insert into Apartment (ApartmentComplexId, Description, Number, MonthlyRent, id) values (?, ?, ?, ?, ?)
Hibernate: select candidate0_.id as id1_2_, candidate0_.Address as Address2_2_, candidate0_.FirstName as FirstNam3_2_, candidate0_.LastName as LastName4_2_, candidate0_.PhoneNumber as PhoneNum5_2_, candidate0_.Income as Income6_2_, candidate0_.SSID as SSID7_2_ from Candidate candidate0_ where candidate0_.SSID=?
Hibernate: select apartment0_.id as id1_0_, apartment0_.ApartmentComplexId as Apartmen5_0_, apartment0_.Description as Descript2_0_, apartment0_.Number as Number3_0_, apartment0_.MonthlyRent as MonthlyR4_0_ from Apartment apartment0_ cross join ApartmentComplex apartmentc1_ where apartment0_.ApartmentComplexId=apartmentc1_.id and apartmentc1_.Name=? and apartment0_.Number=?
Hibernate: select apartmentc0_.id as id1_1_0_, apartmentc0_.Address as Address2_1_0_, apartmentc0_.Description as Descript3_1_0_, apartmentc0_.MonthlyCost as MonthlyC4_1_0_, apartmentc0_.Name as Name5_1_0_, apartmentc0_.PropertyPortfolioId as Property6_1_0_, propertypo1_.id as id1_5_1_, propertypo1_.Name as Name2_5_1_, propertypo1_.PropertyOwnerId as Property3_5_1_, propertyow2_.id as id1_4_2_, propertyow2_.Address as Address2_4_2_, propertyow2_.Name as Name3_4_2_, propertyow2_.TaxID as TaxID4_4_2_ from ApartmentComplex apartmentc0_ left outer join PropertyPortfolio propertypo1_ on apartmentc0_.PropertyPortfolioId=propertypo1_.id left outer join PropertyOwner propertyow2_ on propertypo1_.PropertyOwnerId=propertyow2_.id where apartmentc0_.id=?
Hibernate: select next_val as id_val from hibernate_sequence for update
Hibernate: update hibernate_sequence set next_val= ? where next_val=?
Hibernate: insert into Candidate2Apartment (ApartmentId, CandidateId, Id) values (?, ?, ?)
Hibernate: select candidate0_.id as id1_2_, candidate0_.Address as Address2_2_, candidate0_.FirstName as FirstNam3_2_, candidate0_.LastName as LastName4_2_, candidate0_.PhoneNumber as PhoneNum5_2_, candidate0_.Income as Income6_2_, candidate0_.SSID as SSID7_2_ from Candidate candidate0_ where candidate0_.SSID=?
Hibernate: select apartment0_.id as id1_0_, apartment0_.ApartmentComplexId as Apartmen5_0_, apartment0_.Description as Descript2_0_, apartment0_.Number as Number3_0_, apartment0_.MonthlyRent as MonthlyR4_0_ from Apartment apartment0_ cross join ApartmentComplex apartmentc1_ where apartment0_.ApartmentComplexId=apartmentc1_.id and apartmentc1_.Name=? and apartment0_.Number=?
Hibernate: select apartmentc0_.id as id1_1_0_, apartmentc0_.Address as Address2_1_0_, apartmentc0_.Description as Descript3_1_0_, apartmentc0_.MonthlyCost as MonthlyC4_1_0_, apartmentc0_.Name as Name5_1_0_, apartmentc0_.PropertyPortfolioId as Property6_1_0_, propertypo1_.id as id1_5_1_, propertypo1_.Name as Name2_5_1_, propertypo1_.PropertyOwnerId as Property3_5_1_, propertyow2_.id as id1_4_2_, propertyow2_.Address as Address2_4_2_, propertyow2_.Name as Name3_4_2_, propertyow2_.TaxID as TaxID4_4_2_ from ApartmentComplex apartmentc0_ left outer join PropertyPortfolio propertypo1_ on apartmentc0_.PropertyPortfolioId=propertypo1_.id left outer join PropertyOwner propertyow2_ on propertypo1_.PropertyOwnerId=propertyow2_.id where apartmentc0_.id=?
Hibernate: select next_val as id_val from hibernate_sequence for update
Hibernate: update hibernate_sequence set next_val= ? where next_val=?
Hibernate: insert into Candidate2Apartment (ApartmentId, CandidateId, Id) values (?, ?, ?)
Hibernate: select candidate0_.id as id1_2_, candidate0_.Address as Address2_2_, candidate0_.FirstName as FirstNam3_2_, candidate0_.LastName as LastName4_2_, candidate0_.PhoneNumber as PhoneNum5_2_, candidate0_.Income as Income6_2_, candidate0_.SSID as SSID7_2_ from Candidate candidate0_ where candidate0_.SSID=?
Hibernate: select apartment0_.id as id1_0_, apartment0_.ApartmentComplexId as Apartmen5_0_, apartment0_.Description as Descript2_0_, apartment0_.Number as Number3_0_, apartment0_.MonthlyRent as MonthlyR4_0_ from Apartment apartment0_ cross join ApartmentComplex apartmentc1_ where apartment0_.ApartmentComplexId=apartmentc1_.id and apartmentc1_.Name=? and apartment0_.Number=?
Hibernate: select apartmentc0_.id as id1_1_0_, apartmentc0_.Address as Address2_1_0_, apartmentc0_.Description as Descript3_1_0_, apartmentc0_.MonthlyCost as MonthlyC4_1_0_, apartmentc0_.Name as Name5_1_0_, apartmentc0_.PropertyPortfolioId as Property6_1_0_, propertypo1_.id as id1_5_1_, propertypo1_.Name as Name2_5_1_, propertypo1_.PropertyOwnerId as Property3_5_1_, propertyow2_.id as id1_4_2_, propertyow2_.Address as Address2_4_2_, propertyow2_.Name as Name3_4_2_, propertyow2_.TaxID as TaxID4_4_2_ from ApartmentComplex apartmentc0_ left outer join PropertyPortfolio propertypo1_ on apartmentc0_.PropertyPortfolioId=propertypo1_.id left outer join PropertyOwner propertyow2_ on propertypo1_.PropertyOwnerId=propertyow2_.id where apartmentc0_.id=?
Hibernate: select next_val as id_val from hibernate_sequence for update
Hibernate: update hibernate_sequence set next_val= ? where next_val=?
Hibernate: insert into Candidate2Apartment (ApartmentId, CandidateId, Id) values (?, ?, ?)
Hibernate: select candidate0_.id as id1_2_, candidate0_.Address as Address2_2_, candidate0_.FirstName as FirstNam3_2_, candidate0_.LastName as LastName4_2_, candidate0_.PhoneNumber as PhoneNum5_2_, candidate0_.Income as Income6_2_, candidate0_.SSID as SSID7_2_ from Candidate candidate0_ where candidate0_.SSID=?
Hibernate: select apartment0_.id as id1_0_, apartment0_.ApartmentComplexId as Apartmen5_0_, apartment0_.Description as Descript2_0_, apartment0_.Number as Number3_0_, apartment0_.MonthlyRent as MonthlyR4_0_ from Apartment apartment0_ cross join ApartmentComplex apartmentc1_ where apartment0_.ApartmentComplexId=apartmentc1_.id and apartmentc1_.Name=? and apartment0_.Number=?
Hibernate: select apartmentc0_.id as id1_1_0_, apartmentc0_.Address as Address2_1_0_, apartmentc0_.Description as Descript3_1_0_, apartmentc0_.MonthlyCost as MonthlyC4_1_0_, apartmentc0_.Name as Name5_1_0_, apartmentc0_.PropertyPortfolioId as Property6_1_0_, propertypo1_.id as id1_5_1_, propertypo1_.Name as Name2_5_1_, propertypo1_.PropertyOwnerId as Property3_5_1_, propertyow2_.id as id1_4_2_, propertyow2_.Address as Address2_4_2_, propertyow2_.Name as Name3_4_2_, propertyow2_.TaxID as TaxID4_4_2_ from ApartmentComplex apartmentc0_ left outer join PropertyPortfolio propertypo1_ on apartmentc0_.PropertyPortfolioId=propertypo1_.id left outer join PropertyOwner propertyow2_ on propertypo1_.PropertyOwnerId=propertyow2_.id where apartmentc0_.id=?
Hibernate: select next_val as id_val from hibernate_sequence for update
Hibernate: update hibernate_sequence set next_val= ? where next_val=?
Hibernate: insert into Candidate2Apartment (ApartmentId, CandidateId, Id) values (?, ?, ?)
Hibernate: select candidate0_.id as id1_2_, candidate0_.Address as Address2_2_, candidate0_.FirstName as FirstNam3_2_, candidate0_.LastName as LastName4_2_, candidate0_.PhoneNumber as PhoneNum5_2_, candidate0_.Income as Income6_2_, candidate0_.SSID as SSID7_2_ from Candidate candidate0_ where candidate0_.SSID=?
Hibernate: select apartment0_.id as id1_0_, apartment0_.ApartmentComplexId as Apartmen5_0_, apartment0_.Description as Descript2_0_, apartment0_.Number as Number3_0_, apartment0_.MonthlyRent as MonthlyR4_0_ from Apartment apartment0_ cross join ApartmentComplex apartmentc1_ where apartment0_.ApartmentComplexId=apartmentc1_.id and apartmentc1_.Name=? and apartment0_.Number=?
Hibernate: select apartmentc0_.id as id1_1_0_, apartmentc0_.Address as Address2_1_0_, apartmentc0_.Description as Descript3_1_0_, apartmentc0_.MonthlyCost as MonthlyC4_1_0_, apartmentc0_.Name as Name5_1_0_, apartmentc0_.PropertyPortfolioId as Property6_1_0_, propertypo1_.id as id1_5_1_, propertypo1_.Name as Name2_5_1_, propertypo1_.PropertyOwnerId as Property3_5_1_, propertyow2_.id as id1_4_2_, propertyow2_.Address as Address2_4_2_, propertyow2_.Name as Name3_4_2_, propertyow2_.TaxID as TaxID4_4_2_ from ApartmentComplex apartmentc0_ left outer join PropertyPortfolio propertypo1_ on apartmentc0_.PropertyPortfolioId=propertypo1_.id left outer join PropertyOwner propertyow2_ on propertypo1_.PropertyOwnerId=propertyow2_.id where apartmentc0_.id=?
Hibernate: select next_val as id_val from hibernate_sequence for update
Hibernate: update hibernate_sequence set next_val= ? where next_val=?
Hibernate: insert into Candidate2Apartment (ApartmentId, CandidateId, Id) values (?, ?, ?)
Hibernate: select candidate2x0_.Id as Id1_3_, candidate2x0_.ApartmentId as Apartmen2_3_, candidate2x0_.CandidateId as Candidat3_3_ from Candidate2Apartment candidate2x0_ cross join Apartment apartment1_ cross join ApartmentComplex apartmentc2_ where candidate2x0_.ApartmentId=apartment1_.id and apartment1_.ApartmentComplexId=apartmentc2_.id and apartmentc2_.Name=?
Hibernate: select apartment0_.id as id1_0_0_, apartment0_.ApartmentComplexId as Apartmen5_0_0_, apartment0_.Description as Descript2_0_0_, apartment0_.Number as Number3_0_0_, apartment0_.MonthlyRent as MonthlyR4_0_0_, apartmentc1_.id as id1_1_1_, apartmentc1_.Address as Address2_1_1_, apartmentc1_.Description as Descript3_1_1_, apartmentc1_.MonthlyCost as MonthlyC4_1_1_, apartmentc1_.Name as Name5_1_1_, apartmentc1_.PropertyPortfolioId as Property6_1_1_, propertypo2_.id as id1_5_2_, propertypo2_.Name as Name2_5_2_, propertypo2_.PropertyOwnerId as Property3_5_2_ from Apartment apartment0_ inner join ApartmentComplex apartmentc1_ on apartment0_.ApartmentComplexId=apartmentc1_.id left outer join PropertyPortfolio propertypo2_ on apartmentc1_.PropertyPortfolioId=propertypo2_.id where apartment0_.id=?
Hibernate: select candidate0_.id as id1_2_0_, candidate0_.Address as Address2_2_0_, candidate0_.FirstName as FirstNam3_2_0_, candidate0_.LastName as LastName4_2_0_, candidate0_.PhoneNumber as PhoneNum5_2_0_, candidate0_.Income as Income6_2_0_, candidate0_.SSID as SSID7_2_0_ from Candidate candidate0_ where candidate0_.id=?
Hibernate: select candidate0_.id as id1_2_0_, candidate0_.Address as Address2_2_0_, candidate0_.FirstName as FirstNam3_2_0_, candidate0_.LastName as LastName4_2_0_, candidate0_.PhoneNumber as PhoneNum5_2_0_, candidate0_.Income as Income6_2_0_, candidate0_.SSID as SSID7_2_0_ from Candidate candidate0_ where candidate0_.id=?
Hibernate: select apartment0_.id as id1_0_0_, apartment0_.ApartmentComplexId as Apartmen5_0_0_, apartment0_.Description as Descript2_0_0_, apartment0_.Number as Number3_0_0_, apartment0_.MonthlyRent as MonthlyR4_0_0_, apartmentc1_.id as id1_1_1_, apartmentc1_.Address as Address2_1_1_, apartmentc1_.Description as Descript3_1_1_, apartmentc1_.MonthlyCost as MonthlyC4_1_1_, apartmentc1_.Name as Name5_1_1_, apartmentc1_.PropertyPortfolioId as Property6_1_1_, propertypo2_.id as id1_5_2_, propertypo2_.Name as Name2_5_2_, propertypo2_.PropertyOwnerId as Property3_5_2_ from Apartment apartment0_ inner join ApartmentComplex apartmentc1_ on apartment0_.ApartmentComplexId=apartmentc1_.id left outer join PropertyPortfolio propertypo2_ on apartmentc1_.PropertyPortfolioId=propertypo2_.id where apartment0_.id=?
Hibernate: select candidate0_.id as id1_2_0_, candidate0_.Address as Address2_2_0_, candidate0_.FirstName as FirstNam3_2_0_, candidate0_.LastName as LastName4_2_0_, candidate0_.PhoneNumber as PhoneNum5_2_0_, candidate0_.Income as Income6_2_0_, candidate0_.SSID as SSID7_2_0_ from Candidate candidate0_ where candidate0_.id=?
Hibernate: select candidate2x0_.Id as Id1_3_, candidate2x0_.ApartmentId as Apartmen2_3_, candidate2x0_.CandidateId as Candidat3_3_ from Candidate2Apartment candidate2x0_ cross join Apartment apartment1_ cross join ApartmentComplex apartmentc2_ where candidate2x0_.ApartmentId=apartment1_.id and apartment1_.ApartmentComplexId=apartmentc2_.id and apartmentc2_.Name=?
Hibernate: select apartment0_.id as id1_0_0_, apartment0_.ApartmentComplexId as Apartmen5_0_0_, apartment0_.Description as Descript2_0_0_, apartment0_.Number as Number3_0_0_, apartment0_.MonthlyRent as MonthlyR4_0_0_, apartmentc1_.id as id1_1_1_, apartmentc1_.Address as Address2_1_1_, apartmentc1_.Description as Descript3_1_1_, apartmentc1_.MonthlyCost as MonthlyC4_1_1_, apartmentc1_.Name as Name5_1_1_, apartmentc1_.PropertyPortfolioId as Property6_1_1_, propertypo2_.id as id1_5_2_, propertypo2_.Name as Name2_5_2_, propertypo2_.PropertyOwnerId as Property3_5_2_ from Apartment apartment0_ inner join ApartmentComplex apartmentc1_ on apartment0_.ApartmentComplexId=apartmentc1_.id left outer join PropertyPortfolio propertypo2_ on apartmentc1_.PropertyPortfolioId=propertypo2_.id where apartment0_.id=?
Hibernate: select candidate0_.id as id1_2_0_, candidate0_.Address as Address2_2_0_, candidate0_.FirstName as FirstNam3_2_0_, candidate0_.LastName as LastName4_2_0_, candidate0_.PhoneNumber as PhoneNum5_2_0_, candidate0_.Income as Income6_2_0_, candidate0_.SSID as SSID7_2_0_ from Candidate candidate0_ where candidate0_.id=?
Hibernate: select candidate0_.id as id1_2_0_, candidate0_.Address as Address2_2_0_, candidate0_.FirstName as FirstNam3_2_0_, candidate0_.LastName as LastName4_2_0_, candidate0_.PhoneNumber as PhoneNum5_2_0_, candidate0_.Income as Income6_2_0_, candidate0_.SSID as SSID7_2_0_ from Candidate candidate0_ where candidate0_.id=?
Hibernate: delete from Candidate2Apartment
Hibernate: delete from Candidate
Hibernate: delete from Apartment
Hibernate: delete from ApartmentComplex
]]></system-out>
  <system-err><![CDATA[Dec 20, 2018 9:49:04 AM org.hibernate.hql.internal.QueryTranslatorFactoryInitiator initiateService
INFO: HHH000397: Using ASTQueryTranslatorFactory
]]></system-err>
</testsuite>
