<?xml version="1.0" encoding="UTF-8"?>
<testsuite name="bioteck.apartment.model.CandidateTest" tests="3" skipped="0" failures="0" errors="0" timestamp="2018-12-20T14:49:07" hostname="jpetani-VirtualBox" time="0.044">
  <properties/>
  <testcase name="testComparison()" classname="bioteck.apartment.model.CandidateTest" time="0.019"/>
  <testcase name="testCreate()" classname="bioteck.apartment.model.CandidateTest" time="0.006"/>
  <testcase name="testEquals()" classname="bioteck.apartment.model.CandidateTest" time="0.014"/>
  <system-out><![CDATA[]]></system-out>
  <system-err><![CDATA[]]></system-err>
</testsuite>
